[INFO] 2025-05-19 05:18:19,730 django.utils.autoreload (667): Watching for file changes with StatReloader
[INFO] 2025-05-19 05:18:35,985 django.utils.autoreload (265): /workspaces/aynal-haque/core/views.py changed, reloading.
[INFO] 2025-05-19 05:18:36,287 django.utils.autoreload (667): Watching for file changes with StatReloader
[INFO] 2025-05-19 05:19:07,356 django.server (213): "GET / HTTP/1.1" 200 5049
[INFO] 2025-05-19 05:19:08,271 django.server (213): "GET /static/css/styles.css HTTP/1.1" 304 0
[INFO] 2025-05-19 05:19:08,346 django.server (213): "GET /static/js/main.js HTTP/1.1" 304 0
[INFO] 2025-05-19 05:27:26,633 django.utils.autoreload (667): Watching for file changes with StatReloader
[INFO] 2025-05-19 05:27:40,907 django.server (213): "GET / HTTP/1.1" 200 5049
[INFO] 2025-05-19 05:27:41,438 django.server (213): "GET /static/css/styles.css HTTP/1.1" 200 981
[INFO] 2025-05-19 05:27:41,456 django.server (213): "GET /static/js/main.js HTTP/1.1" 304 0
[INFO] 2025-05-19 05:29:27,609 django.utils.autoreload (265): /workspaces/aynal-haque/aynal_portfolio/settings.py changed, reloading.
[INFO] 2025-05-19 05:30:11,836 django.utils.autoreload (667): Watching for file changes with StatReloader
[INFO] 2025-05-19 05:30:17,642 django.server (213): "GET /static/css/styles.css HTTP/1.1" 304 0
[INFO] 2025-05-19 05:30:32,154 django.utils.autoreload (265): /workspaces/aynal-haque/aynal_portfolio/settings.py changed, reloading.
[INFO] 2025-05-19 05:30:32,471 django.utils.autoreload (667): Watching for file changes with StatReloader
[INFO] 2025-05-19 05:31:01,856 django.utils.autoreload (265): /workspaces/aynal-haque/aynal_portfolio/settings.py changed, reloading.
[INFO] 2025-05-19 05:31:49,364 django.utils.autoreload (667): Watching for file changes with StatReloader
[INFO] 2025-05-19 05:33:26,926 django.server (213): "GET / HTTP/1.1" 200 5049
[INFO] 2025-05-19 05:33:27,828 django.server (213): "GET /static/css/styles.css HTTP/1.1" 200 981
[INFO] 2025-05-19 05:36:17,850 django.utils.autoreload (667): Watching for file changes with StatReloader
[INFO] 2025-05-19 05:36:53,481 django.server (213): "GET / HTTP/1.1" 200 5049
[INFO] 2025-05-19 05:36:54,063 django.server (213): "GET /static/js/main.js HTTP/1.1" 304 0
[INFO] 2025-05-19 05:37:14,944 django.server (213): "GET / HTTP/1.1" 200 5049
[INFO] 2025-05-19 05:37:15,419 django.server (213): "GET /static/css/styles.css HTTP/1.1" 200 981
[INFO] 2025-05-19 05:37:15,560 django.server (213): "GET /static/js/main.js HTTP/1.1" 200 474
[INFO] 2025-05-19 05:45:30,971 django.server (213): "GET /static/css/styles.css HTTP/1.1" 304 0
[INFO] 2025-05-19 05:50:40,341 django.utils.autoreload (265): /workspaces/aynal-haque/core/models.py changed, reloading.
[INFO] 2025-05-19 05:50:40,668 django.utils.autoreload (667): Watching for file changes with StatReloader
[INFO] 2025-05-19 05:50:42,881 django.utils.autoreload (265): /workspaces/aynal-haque/core/models.py changed, reloading.
[INFO] 2025-05-19 05:50:43,295 django.utils.autoreload (667): Watching for file changes with StatReloader
[INFO] 2025-05-19 05:50:46,458 django.utils.autoreload (265): /workspaces/aynal-haque/core/models.py changed, reloading.
[INFO] 2025-05-19 05:50:46,744 django.utils.autoreload (667): Watching for file changes with StatReloader
[INFO] 2025-05-19 05:50:53,973 django.utils.autoreload (265): /workspaces/aynal-haque/core/models.py changed, reloading.
[INFO] 2025-05-19 05:50:54,275 django.utils.autoreload (667): Watching for file changes with StatReloader
[INFO] 2025-05-19 05:51:21,630 django.utils.autoreload (265): /workspaces/aynal-haque/core/views.py changed, reloading.
[INFO] 2025-05-19 05:51:21,946 django.utils.autoreload (667): Watching for file changes with StatReloader
[INFO] 2025-05-19 05:51:24,177 django.utils.autoreload (265): /workspaces/aynal-haque/core/views.py changed, reloading.
[INFO] 2025-05-19 05:51:24,507 django.utils.autoreload (667): Watching for file changes with StatReloader
[INFO] 2025-05-19 05:51:28,698 django.utils.autoreload (265): /workspaces/aynal-haque/core/views.py changed, reloading.
[INFO] 2025-05-19 05:51:29,005 django.utils.autoreload (667): Watching for file changes with StatReloader
[INFO] 2025-05-19 05:51:48,307 django.utils.autoreload (265): /workspaces/aynal-haque/core/views.py changed, reloading.
[INFO] 2025-05-19 05:51:48,620 django.utils.autoreload (667): Watching for file changes with StatReloader
[INFO] 2025-05-19 05:51:51,834 django.utils.autoreload (265): /workspaces/aynal-haque/core/views.py changed, reloading.
[INFO] 2025-05-19 05:51:52,131 django.utils.autoreload (667): Watching for file changes with StatReloader
[INFO] 2025-05-19 05:53:13,831 django.utils.autoreload (265): /workspaces/aynal-haque/core/admin.py changed, reloading.
[INFO] 2025-05-19 05:53:14,171 django.utils.autoreload (667): Watching for file changes with StatReloader
[INFO] 2025-05-19 05:53:15,424 django.utils.autoreload (265): /workspaces/aynal-haque/core/admin.py changed, reloading.
[INFO] 2025-05-19 05:53:15,746 django.utils.autoreload (667): Watching for file changes with StatReloader
[INFO] 2025-05-19 05:53:46,949 django.utils.autoreload (667): Watching for file changes with StatReloader
[INFO] 2025-05-19 05:53:51,131 django.server (213): "GET / HTTP/1.1" 200 5049
[INFO] 2025-05-19 05:53:51,885 django.server (213): "GET /static/css/styles.css HTTP/1.1" 200 981
[INFO] 2025-05-19 05:53:52,229 django.server (213): "GET /static/js/main.js HTTP/1.1" 304 0
[ERROR] 2025-05-19 05:53:59,934 django.server (213): "GET /project/ HTTP/1.1" 500 76192
[INFO] 2025-05-19 05:54:34,539 django.utils.autoreload (265): /workspaces/aynal-haque/core/views.py changed, reloading.
[INFO] 2025-05-19 05:54:34,934 django.utils.autoreload (667): Watching for file changes with StatReloader
[INFO] 2025-05-19 05:54:39,092 django.utils.autoreload (265): /workspaces/aynal-haque/core/views.py changed, reloading.
[INFO] 2025-05-19 05:54:39,404 django.utils.autoreload (667): Watching for file changes with StatReloader
[INFO] 2025-05-19 05:54:41,553 django.utils.autoreload (265): /workspaces/aynal-haque/core/views.py changed, reloading.
[INFO] 2025-05-19 05:54:41,848 django.utils.autoreload (667): Watching for file changes with StatReloader
[INFO] 2025-05-19 05:54:55,054 django.utils.autoreload (265): /workspaces/aynal-haque/core/views.py changed, reloading.
[INFO] 2025-05-19 05:54:55,376 django.utils.autoreload (667): Watching for file changes with StatReloader
[INFO] 2025-05-19 05:54:59,805 django.server (213): "GET /project/ HTTP/1.1" 200 3660
[INFO] 2025-05-19 05:55:04,680 django.server (213): "GET / HTTP/1.1" 200 5049
[INFO] 2025-05-19 05:55:08,950 django.server (213): "GET /project/ HTTP/1.1" 200 3660
[INFO] 2025-05-19 05:59:22,336 django.utils.autoreload (667): Watching for file changes with StatReloader
[INFO] 2025-05-19 05:59:30,747 django.server (213): "GET /project/ HTTP/1.1" 200 3660
[INFO] 2025-05-19 05:59:34,842 django.server (213): "GET /project/ HTTP/1.1" 200 3660
[INFO] 2025-05-19 05:59:37,797 django.server (213): "GET / HTTP/1.1" 200 5049
[INFO] 2025-05-19 06:00:29,041 django.server (213): "GET /project/ HTTP/1.1" 200 3660
[INFO] 2025-05-19 06:00:29,521 django.server (213): "GET /static/css/styles.css HTTP/1.1" 304 0
[INFO] 2025-05-19 06:00:39,691 django.server (213): "GET /login/ HTTP/1.1" 200 4729
[INFO] 2025-05-19 06:00:44,131 django.server (213): "POST /login/ HTTP/1.1" 302 0
[INFO] 2025-05-19 06:00:44,400 django.server (213): "GET / HTTP/1.1" 200 5058
[INFO] 2025-05-19 06:03:20,784 django.server (213): "GET /about/ HTTP/1.1" 200 4493
[INFO] 2025-05-19 06:03:25,828 django.server (213): "GET / HTTP/1.1" 200 5058
[INFO] 2025-05-19 06:03:42,049 django.server (213): "GET /about/ HTTP/1.1" 200 4493
[INFO] 2025-05-19 06:05:22,289 django.server (213): "GET /about/ HTTP/1.1" 200 4493
[INFO] 2025-05-19 06:05:22,729 django.server (213): "GET /static/js/main.js HTTP/1.1" 304 0
[INFO] 2025-05-19 06:05:26,715 django.server (213): "GET / HTTP/1.1" 200 5058
[INFO] 2025-05-19 06:06:33,579 django.server (213): "GET / HTTP/1.1" 200 6795
[INFO] 2025-05-19 06:07:31,399 django.server (213): "GET / HTTP/1.1" 200 6795
[INFO] 2025-05-19 06:07:50,816 django.server (213): "GET / HTTP/1.1" 200 6795
[INFO] 2025-05-19 06:07:55,522 django.server (213): "GET / HTTP/1.1" 200 6795
[INFO] 2025-05-19 06:08:56,945 django.utils.autoreload (667): Watching for file changes with StatReloader
[INFO] 2025-05-19 06:11:07,715 django.server (213): "GET / HTTP/1.1" 200 6795
[INFO] 2025-05-19 06:11:12,696 django.server (213): "GET / HTTP/1.1" 200 6795
[INFO] 2025-05-19 06:11:39,953 django.server (213): "GET / HTTP/1.1" 200 6795
[INFO] 2025-05-19 06:12:15,044 django.utils.autoreload (667): Watching for file changes with StatReloader
[INFO] 2025-05-19 06:12:18,593 django.server (213): "GET / HTTP/1.1" 200 6795
[INFO] 2025-05-19 06:13:20,148 django.utils.autoreload (667): Watching for file changes with StatReloader
[INFO] 2025-05-19 06:13:29,736 django.server (213): "GET / HTTP/1.1" 200 6795
[INFO] 2025-05-19 06:13:46,739 django.server (213): "GET / HTTP/1.1" 200 6795
[INFO] 2025-05-19 06:23:41,228 django.utils.autoreload (265): /workspaces/aynal-haque/aynal_portfolio/settings.py changed, reloading.
[INFO] 2025-05-19 06:23:41,553 django.utils.autoreload (667): Watching for file changes with StatReloader
[INFO] 2025-05-19 06:23:43,790 django.utils.autoreload (265): /workspaces/aynal-haque/aynal_portfolio/settings.py changed, reloading.
[INFO] 2025-05-19 06:24:15,435 django.utils.autoreload (667): Watching for file changes with StatReloader
[INFO] 2025-05-19 06:24:20,192 django.server (213): "GET / HTTP/1.1" 200 6795
[WARNING] 2025-05-19 06:24:22,311 django.server (213): "GET /favicon.ico HTTP/1.1" 404 5198
[INFO] 2025-05-19 06:55:03,684 django.utils.autoreload (667): Watching for file changes with StatReloader
[INFO] 2025-05-19 06:55:21,829 django.server (213): "GET / HTTP/1.1" 200 6786
[INFO] 2025-05-19 06:55:29,680 django.server (213): "GET / HTTP/1.1" 200 6786
[WARNING] 2025-05-19 06:55:36,528 django.server (213): "GET /ask/ HTTP/1.1" 404 5328
[WARNING] 2025-05-19 06:55:48,133 django.server (213): "GET /ask/chat/ HTTP/1.1" 404 5343
[INFO] 2025-05-19 06:56:10,818 django.server (213): "GET / HTTP/1.1" 200 6786
[WARNING] 2025-05-19 06:56:18,072 django.server (213): "GET /chat/ HTTP/1.1" 404 5331
[INFO] 2025-05-19 06:57:25,040 django.utils.autoreload (265): /workspaces/aynal-haque/chatbot/urls.py changed, reloading.
[INFO] 2025-05-19 06:57:25,418 django.utils.autoreload (667): Watching for file changes with StatReloader
[INFO] 2025-05-19 06:57:32,302 django.server (213): "GET / HTTP/1.1" 200 6786
[ERROR] 2025-05-19 06:57:41,849 django.server (213): "GET /chatbot/ HTTP/1.1" 500 91252
[INFO] 2025-05-19 06:57:51,553 django.utils.autoreload (265): /workspaces/aynal-haque/chatbot/urls.py changed, reloading.
[INFO] 2025-05-19 06:57:51,952 django.utils.autoreload (667): Watching for file changes with StatReloader
[INFO] 2025-05-19 06:57:59,953 django.server (213): "GET / HTTP/1.1" 200 6786
[INFO] 2025-05-19 06:58:10,831 django.server (213): "GET /chatbot/ HTTP/1.1" 200 6545
[ERROR] 2025-05-19 06:58:22,268 django.server (213): "POST /chatbot/ask/ HTTP/1.1" 500 488
[ERROR] 2025-05-19 06:58:30,696 django.server (213): "POST /chatbot/ask/ HTTP/1.1" 500 488
[INFO] 2025-05-19 07:02:39,853 django.server (213): "GET / HTTP/1.1" 200 6786
[ERROR] 2025-05-19 07:03:44,177 django.server (213): "GET /chatbot/ HTTP/1.1" 500 143867
[INFO] 2025-05-19 07:04:03,345 django.server (213): "GET / HTTP/1.1" 200 8183
[ERROR] 2025-05-19 07:04:14,242 django.server (213): "POST /chatbot/ask/ HTTP/1.1" 500 488
[INFO] 2025-05-19 07:06:03,743 django.server (213): "GET / HTTP/1.1" 200 8184
[ERROR] 2025-05-19 07:06:12,336 django.server (213): "POST /chatbot/ask/ HTTP/1.1" 500 488
[INFO] 2025-05-19 07:19:49,823 django.utils.autoreload (667): Watching for file changes with StatReloader
[INFO] 2025-05-19 07:19:55,335 django.server (213): "GET / HTTP/1.1" 200 8184
[ERROR] 2025-05-19 07:20:00,839 django.server (213): "POST /chatbot/ask/ HTTP/1.1" 500 488
[INFO] 2025-05-19 08:23:15,658 django.utils.autoreload (667): Watching for file changes with StatReloader
[INFO] 2025-05-19 08:23:45,004 django.utils.autoreload (265): /workspaces/aynal-haque/aynal_portfolio/settings.py changed, reloading.
[INFO] 2025-05-19 08:23:45,830 django.utils.autoreload (667): Watching for file changes with StatReloader
[INFO] 2025-05-19 08:25:57,584 django.utils.autoreload (667): Watching for file changes with StatReloader
[INFO] 2025-05-19 08:26:06,818 django.server (213): "GET / HTTP/1.1" 200 6786
[WARNING] 2025-05-19 08:26:07,654 django.server (213): "GET /favicon.ico HTTP/1.1" 404 5198
[INFO] 2025-05-19 08:26:10,659 django.server (213): "GET /homepage/ HTTP/1.1" 200 5322
[INFO] 2025-05-19 08:26:40,855 django.server (213): "GET /homepage/ HTTP/1.1" 200 5336
[INFO] 2025-05-19 08:26:42,896 django.server (213): "GET /homepage/ HTTP/1.1" 200 5336
[INFO] 2025-05-19 08:28:31,831 django.server (213): "GET /homepage/ HTTP/1.1" 200 7668
[INFO] 2025-05-19 08:29:20,448 django.server (213): "GET /homepage/ HTTP/1.1" 200 7672
[INFO] 2025-05-19 08:29:31,668 django.server (213): "GET /homepage/ HTTP/1.1" 200 7671
[INFO] 2025-05-19 08:29:42,167 django.server (213): "GET /homepage/ HTTP/1.1" 200 7671
[INFO] 2025-05-19 08:29:44,153 django.server (213): "GET / HTTP/1.1" 200 6800
[INFO] 2025-05-19 08:52:18,487 django.utils.autoreload (667): Watching for file changes with StatReloader
[INFO] 2025-05-19 08:52:28,501 django.server (213): "GET / HTTP/1.1" 200 6800
[INFO] 2025-05-19 08:52:32,425 django.server (213): "GET /homepage/ HTTP/1.1" 200 7671
[INFO] 2025-05-19 08:52:48,572 django.server (213): "GET / HTTP/1.1" 200 6800
[INFO] 2025-05-19 09:05:55,985 django.utils.autoreload (667): Watching for file changes with StatReloader
[INFO] 2025-05-19 09:05:59,941 django.server (213): "GET / HTTP/1.1" 200 6800
[INFO] 2025-05-19 09:06:05,002 django.server (213): "GET /homepage/ HTTP/1.1" 200 7671
[INFO] 2025-05-25 03:35:59,499 django.utils.autoreload (667): Watching for file changes with StatReloader
[INFO] 2025-05-25 03:38:51,308 django.utils.autoreload (667): Watching for file changes with StatReloader
[INFO] 2025-05-25 03:38:57,958 django.server (213): "GET / HTTP/1.1" 200 6800
[WARNING] 2025-05-25 03:39:03,673 django.server (213): "GET /favicon.ico HTTP/1.1" 404 5198
[INFO] 2025-05-25 03:41:28,235 django.utils.autoreload (667): Watching for file changes with StatReloader
[INFO] 2025-05-25 03:41:34,135 django.server (213): "GET / HTTP/1.1" 200 6800
[INFO] 2025-05-25 03:41:35,942 django.server (213): "GET / HTTP/1.1" 200 6800
[INFO] 2025-05-25 03:41:36,834 django.server (213): "GET / HTTP/1.1" 200 6800
[INFO] 2025-05-25 03:41:38,093 django.server (213): "GET / HTTP/1.1" 200 6800
[INFO] 2025-05-25 03:41:39,164 django.server (213): "GET / HTTP/1.1" 200 6800
[INFO] 2025-05-25 03:41:39,727 django.server (213): "GET / HTTP/1.1" 200 6800
[INFO] 2025-05-25 03:41:42,927 django.server (213): "GET /service/ HTTP/1.1" 200 6020
[INFO] 2025-05-25 03:41:45,579 django.server (213): "GET /skills/ HTTP/1.1" 200 9564
[INFO] 2025-05-25 03:41:48,146 django.server (213): "GET /service/contact/ HTTP/1.1" 200 6150
[INFO] 2025-05-25 03:41:49,838 django.server (213): "GET /post HTTP/1.1" 200 5520
[INFO] 2025-05-25 03:41:54,374 django.server (213): "GET /login/ HTTP/1.1" 200 6480
[INFO] 2025-05-25 03:41:56,359 django.server (213): "GET /register/ HTTP/1.1" 200 6487
[INFO] 2025-05-25 03:42:00,100 django.server (213): "GET / HTTP/1.1" 200 6800
[INFO] 2025-05-25 03:45:24,185 django.server (213): "GET / HTTP/1.1" 200 4886
[INFO] 2025-05-25 03:45:26,827 django.server (213): "GET / HTTP/1.1" 200 4886
[INFO] 2025-05-25 03:45:29,078 django.server (213): "GET /service/ HTTP/1.1" 200 4106
[INFO] 2025-05-25 03:45:30,535 django.server (213): "GET /skills/ HTTP/1.1" 200 7650
[INFO] 2025-05-25 03:45:31,890 django.server (213): "GET /service/contact/ HTTP/1.1" 200 4236
[INFO] 2025-05-25 03:45:33,156 django.server (213): "GET /post HTTP/1.1" 200 3606
[INFO] 2025-05-25 03:45:34,533 django.server (213): "GET /login/ HTTP/1.1" 200 4566
[INFO] 2025-05-25 03:45:36,763 django.server (213): "GET /service/ HTTP/1.1" 200 4106
[INFO] 2025-05-25 03:45:39,301 django.server (213): "GET / HTTP/1.1" 200 4886
[INFO] 2025-05-25 03:46:20,162 django.server (213): "GET / HTTP/1.1" 200 6809
[INFO] 2025-05-25 03:49:42,964 django.utils.autoreload (667): Watching for file changes with StatReloader
[INFO] 2025-05-25 03:49:50,183 django.server (213): "GET / HTTP/1.1" 200 6856
[WARNING] 2025-05-25 03:49:50,354 django.server (213): "GET /static/css/main HTTP/1.1" 404 1838
[INFO] 2025-05-25 03:51:31,585 django.server (213): "GET / HTTP/1.1" 200 6864
[WARNING] 2025-05-25 03:51:31,783 django.server (213): "GET /static/css/main HTTP/1.1" 404 1838
[INFO] 2025-05-25 03:52:30,438 django.server (213): "GET / HTTP/1.1" 200 6913
[WARNING] 2025-05-25 03:52:30,478 django.server (213): "GET /static/css/main HTTP/1.1" 404 1838
[INFO] 2025-05-25 03:52:34,025 django.server (213): "GET / HTTP/1.1" 200 6913
[WARNING] 2025-05-25 03:52:34,071 django.server (213): "GET /static/css/main HTTP/1.1" 404 1838
[INFO] 2025-05-25 03:53:05,303 django.server (213): "GET / HTTP/1.1" 200 6924
[WARNING] 2025-05-25 03:53:05,342 django.server (213): "GET /static/css/main HTTP/1.1" 404 1838
[INFO] 2025-05-25 03:54:13,231 django.server (213): "GET / HTTP/1.1" 200 6934
[WARNING] 2025-05-25 03:54:13,270 django.server (213): "GET /static/css/main HTTP/1.1" 404 1838
[INFO] 2025-05-25 03:54:13,860 django.server (213): "GET / HTTP/1.1" 200 6934
[WARNING] 2025-05-25 03:54:13,908 django.server (213): "GET /static/css/main HTTP/1.1" 404 1838
[INFO] 2025-05-25 04:07:10,663 django.utils.autoreload (667): Watching for file changes with StatReloader
[INFO] 2025-05-25 04:07:17,174 django.server (213): "GET / HTTP/1.1" 200 6937
[WARNING] 2025-05-25 04:07:17,352 django.server (213): "GET /static/css/main HTTP/1.1" 404 1838
[INFO] 2025-05-25 04:08:18,669 django.server (213): "GET / HTTP/1.1" 200 6937
[WARNING] 2025-05-25 04:08:18,867 django.server (213): "GET /static/css/main HTTP/1.1" 404 1838
[INFO] 2025-05-25 04:08:45,166 django.server (213): "GET / HTTP/1.1" 200 6937
[WARNING] 2025-05-25 04:08:45,209 django.server (213): "GET /static/css/main HTTP/1.1" 404 1838
[INFO] 2025-05-25 04:09:15,101 django.server (213): "GET / HTTP/1.1" 200 6937
[WARNING] 2025-05-25 04:09:15,143 django.server (213): "GET /static/css/main HTTP/1.1" 404 1838
[INFO] 2025-05-25 04:11:25,114 django.server (213): "GET / HTTP/1.1" 200 7107
[WARNING] 2025-05-25 04:11:25,307 django.server (213): "GET /static/css/main HTTP/1.1" 404 1838
[INFO] 2025-05-25 04:12:07,716 django.server (213): "GET / HTTP/1.1" 200 7615
[WARNING] 2025-05-25 04:12:07,949 django.server (213): "GET /static/css/main HTTP/1.1" 404 1838
[INFO] 2025-05-25 04:12:49,309 django.server (213): "GET / HTTP/1.1" 200 7629
[WARNING] 2025-05-25 04:12:49,358 django.server (213): "GET /static/css/main HTTP/1.1" 404 1838
[INFO] 2025-05-25 04:12:51,801 django.server (213): "GET / HTTP/1.1" 200 7629
[WARNING] 2025-05-25 04:12:51,857 django.server (213): "GET /static/css/main HTTP/1.1" 404 1838
[INFO] 2025-05-25 04:49:43,824 django.utils.autoreload (667): Watching for file changes with StatReloader
[INFO] 2025-05-25 04:50:18,054 django.server (213): "GET / HTTP/1.1" 200 7625
[WARNING] 2025-05-25 04:50:18,211 django.server (213): "GET /static/css/main HTTP/1.1" 404 1838
[INFO] 2025-05-25 04:50:22,258 django.server (213): "GET /post HTTP/1.1" 200 6924
[WARNING] 2025-05-25 04:50:22,299 django.server (213): "GET /static/css/main HTTP/1.1" 404 1838
[INFO] 2025-05-25 04:58:29,604 django.utils.autoreload (667): Watching for file changes with StatReloader
[INFO] 2025-05-25 04:58:33,847 django.server (213): "GET / HTTP/1.1" 200 7625
[WARNING] 2025-05-25 04:58:34,045 django.server (213): "GET /static/css/main HTTP/1.1" 404 1838
[INFO] 2025-05-25 04:58:38,092 django.server (213): "GET /post HTTP/1.1" 200 6924
[WARNING] 2025-05-25 04:58:38,145 django.server (213): "GET /static/css/main HTTP/1.1" 404 1838
[INFO] 2025-05-25 04:58:41,223 django.server (213): "GET / HTTP/1.1" 200 7625
[WARNING] 2025-05-25 04:58:41,272 django.server (213): "GET /static/css/main HTTP/1.1" 404 1838
[INFO] 2025-05-25 04:58:43,788 django.server (213): "GET / HTTP/1.1" 200 7625
[WARNING] 2025-05-25 04:58:43,843 django.server (213): "GET /static/css/main HTTP/1.1" 404 1838
[INFO] 2025-05-25 04:59:05,252 django.server (213): "GET / HTTP/1.1" 200 7625
[WARNING] 2025-05-25 04:59:05,312 django.server (213): "GET /static/css/main HTTP/1.1" 404 1838
[INFO] 2025-05-25 04:59:09,402 django.server (213): "GET /post HTTP/1.1" 200 6924
[WARNING] 2025-05-25 04:59:09,444 django.server (213): "GET /static/css/main HTTP/1.1" 404 1838
[INFO] 2025-05-25 05:00:38,490 django.server (213): "GET / HTTP/1.1" 200 7625
[WARNING] 2025-05-25 05:00:38,540 django.server (213): "GET /static/css/main HTTP/1.1" 404 1838
[INFO] 2025-05-25 05:00:41,042 django.server (213): "GET /post HTTP/1.1" 200 6924
[WARNING] 2025-05-25 05:00:41,088 django.server (213): "GET /static/css/main HTTP/1.1" 404 1838
[INFO] 2025-05-31 09:13:33,973 django.utils.autoreload (667): Watching for file changes with StatReloader
[INFO] 2025-05-31 09:13:38,627 django.server (213): "GET / HTTP/1.1" 200 7625
[WARNING] 2025-05-31 09:13:38,745 django.server (213): "GET /static/css/main HTTP/1.1" 404 1838
[WARNING] 2025-05-31 09:13:40,552 django.server (213): "GET /favicon.ico HTTP/1.1" 404 5198
[INFO] 2025-05-31 09:39:42,709 django.server (213): "GET / HTTP/1.1" 200 7625
[WARNING] 2025-05-31 09:39:42,774 django.server (213): "GET /static/css/main HTTP/1.1" 404 1838
[INFO] 2025-05-31 09:39:44,110 django.server (213): "GET / HTTP/1.1" 200 7625
[WARNING] 2025-05-31 09:39:44,166 django.server (213): "GET /static/css/main HTTP/1.1" 404 1838
[INFO] 2025-05-31 09:44:05,722 django.server (213): "GET / HTTP/1.1" 200 7905
[WARNING] 2025-05-31 09:44:05,878 django.server (213): "GET /static/css/main HTTP/1.1" 404 1838
[INFO] 2025-05-31 09:44:56,858 django.server (213): "GET / HTTP/1.1" 200 7905
[WARNING] 2025-05-31 09:44:56,917 django.server (213): "GET /static/css/main HTTP/1.1" 404 1838
[INFO] 2025-05-31 22:46:23,764 django.utils.autoreload (667): Watching for file changes with StatReloader
[INFO] 2025-05-31 22:46:27,069 django.server (213): "GET / HTTP/1.1" 200 7905
[WARNING] 2025-05-31 22:46:27,115 django.server (213): "GET /static/css/main HTTP/1.1" 404 1838
[INFO] 2025-05-31 22:51:15,058 django.server (213): "GET / HTTP/1.1" 200 7767
[WARNING] 2025-05-31 22:51:15,359 django.server (213): "GET /static/css/main HTTP/1.1" 404 1838
[INFO] 2025-05-31 22:51:20,938 django.server (213): "GET / HTTP/1.1" 200 7767
[WARNING] 2025-05-31 22:51:20,987 django.server (213): "GET /static/css/main HTTP/1.1" 404 1838
[INFO] 2025-05-31 22:51:39,315 django.server (213): "GET / HTTP/1.1" 200 7767
[WARNING] 2025-05-31 22:51:39,357 django.server (213): "GET /static/css/main HTTP/1.1" 404 1838
[INFO] 2025-05-31 22:52:04,429 django.server (213): "GET / HTTP/1.1" 200 7832
[WARNING] 2025-05-31 22:52:04,478 django.server (213): "GET /static/css/main HTTP/1.1" 404 1838
[INFO] 2025-05-31 22:52:47,078 django.server (213): "GET / HTTP/1.1" 200 8013
[WARNING] 2025-05-31 22:52:47,118 django.server (213): "GET /static/css/main HTTP/1.1" 404 1838
[WARNING] 2025-05-31 22:52:47,206 django.server (213): "GET /static/images/background.jpg HTTP/1.1" 404 1877
[INFO] 2025-05-31 22:52:56,437 django.server (213): "GET / HTTP/1.1" 200 8013
[WARNING] 2025-05-31 22:52:56,501 django.server (213): "GET /static/css/main HTTP/1.1" 404 1838
[WARNING] 2025-05-31 22:52:56,567 django.server (213): "GET /static/images/background.jpg HTTP/1.1" 404 1877
[INFO] 2025-05-31 22:55:15,590 django.server (213): "GET / HTTP/1.1" 200 8013
[WARNING] 2025-05-31 22:55:15,791 django.server (213): "GET /static/css/main HTTP/1.1" 404 1838
[INFO] 2025-05-31 22:55:16,517 django.server (213): "GET /static/images/background.jpg HTTP/1.1" 200 19336
[INFO] 2025-05-31 22:57:45,038 django.server (213): "GET / HTTP/1.1" 200 8014
[WARNING] 2025-05-31 22:57:45,080 django.server (213): "GET /static/css/main HTTP/1.1" 404 1838
[INFO] 2025-05-31 22:57:45,170 django.server (213): "GET /static/images/background2.jpg HTTP/1.1" 200 20131
[INFO] 2025-05-31 22:59:15,938 django.server (213): "GET / HTTP/1.1" 200 8014
[WARNING] 2025-05-31 22:59:15,977 django.server (213): "GET /static/css/main HTTP/1.1" 404 1838
[INFO] 2025-05-31 22:59:16,084 django.server (213): "GET /static/images/background3.jpg HTTP/1.1" 200 467166
[INFO] 2025-05-31 22:59:59,857 django.server (213): "GET / HTTP/1.1" 200 8058
[WARNING] 2025-05-31 22:59:59,897 django.server (213): "GET /static/css/main HTTP/1.1" 404 1838
[WARNING] 2025-05-31 22:59:59,989 django.server (213): "GET /static/images/background3.jpg HTTP/1.1" 404 1880
[INFO] 2025-05-31 23:00:03,251 django.server (213): "GET / HTTP/1.1" 200 8058
[WARNING] 2025-05-31 23:00:03,300 django.server (213): "GET /static/css/main HTTP/1.1" 404 1838
[WARNING] 2025-05-31 23:00:03,365 django.server (213): "GET /static/images/background3.jpg HTTP/1.1" 404 1880
[INFO] 2025-05-31 23:00:14,619 django.server (213): "GET / HTTP/1.1" 200 8029
[WARNING] 2025-05-31 23:00:14,664 django.server (213): "GET /static/css/main HTTP/1.1" 404 1838
[WARNING] 2025-05-31 23:00:14,715 django.server (213): "GET /static/images/background3.jpg HTTP/1.1" 404 1880
[INFO] 2025-05-31 23:03:18,269 django.server (213): "GET / HTTP/1.1" 200 8029
[WARNING] 2025-05-31 23:03:18,309 django.server (213): "GET /static/css/main HTTP/1.1" 404 1838
[INFO] 2025-05-31 23:03:18,396 django.server (213): "GET /static/images/background4.jpg HTTP/1.1" 200 12701
[INFO] 2025-05-31 23:03:43,430 django.server (213): "GET / HTTP/1.1" 200 8029
[WARNING] 2025-05-31 23:03:43,471 django.server (213): "GET /static/css/main HTTP/1.1" 404 1838
[INFO] 2025-05-31 23:03:43,567 django.server (213): "GET /static/images/background4.jpg HTTP/1.1" 304 0
[INFO] 2025-05-31 23:04:00,166 django.server (213): "GET / HTTP/1.1" 200 8029
[WARNING] 2025-05-31 23:04:00,214 django.server (213): "GET /static/css/main HTTP/1.1" 404 1838
[INFO] 2025-05-31 23:04:00,288 django.server (213): "GET /static/images/background4.jpg HTTP/1.1" 304 0
[INFO] 2025-05-31 23:08:45,308 django.utils.autoreload (667): Watching for file changes with StatReloader
[INFO] 2025-05-31 23:08:48,397 django.server (213): "GET / HTTP/1.1" 200 8041
[WARNING] 2025-05-31 23:08:48,575 django.server (213): "GET /static/css/main HTTP/1.1" 404 1838
[INFO] 2025-05-31 23:08:49,234 django.server (213): "GET /static/images/background4.jpg HTTP/1.1" 304 0
[INFO] 2025-05-31 23:09:19,966 django.server (213): "GET / HTTP/1.1" 200 8041
[WARNING] 2025-05-31 23:09:20,006 django.server (213): "GET /static/css/main HTTP/1.1" 404 1838
[INFO] 2025-05-31 23:09:45,491 django.server (213): "GET / HTTP/1.1" 200 8072
[WARNING] 2025-05-31 23:09:45,528 django.server (213): "GET /static/css/main HTTP/1.1" 404 1838
[INFO] 2025-05-31 23:09:45,604 django.server (213): "GET /static/images/background4.jpg HTTP/1.1" 304 0
[INFO] 2025-05-31 23:10:15,029 django.server (213): "GET / HTTP/1.1" 200 8204
[WARNING] 2025-05-31 23:10:15,066 django.server (213): "GET /static/css/main HTTP/1.1" 404 1838
[INFO] 2025-05-31 23:10:57,427 django.server (213): "GET / HTTP/1.1" 200 8217
[WARNING] 2025-05-31 23:10:57,468 django.server (213): "GET /static/css/main HTTP/1.1" 404 1838
[INFO] 2025-05-31 23:10:57,565 django.server (213): "GET /static/images/background4.jpg HTTP/1.1" 304 0
[INFO] 2025-05-31 23:11:33,351 django.server (213): "GET / HTTP/1.1" 200 8220
[WARNING] 2025-05-31 23:11:33,393 django.server (213): "GET /static/css/main HTTP/1.1" 404 1838
[INFO] 2025-05-31 23:12:03,238 django.server (213): "GET / HTTP/1.1" 200 8220
[WARNING] 2025-05-31 23:12:03,277 django.server (213): "GET /static/css/main HTTP/1.1" 404 1838
[INFO] 2025-05-31 23:12:03,338 django.server (213): "GET /static/images/background4.jpg HTTP/1.1" 304 0
[INFO] 2025-05-31 23:12:19,415 django.server (213): "GET / HTTP/1.1" 200 8253
[WARNING] 2025-05-31 23:12:19,460 django.server (213): "GET /static/css/main HTTP/1.1" 404 1838
[INFO] 2025-05-31 23:13:06,825 django.server (213): "GET / HTTP/1.1" 200 8346
[WARNING] 2025-05-31 23:13:06,864 django.server (213): "GET /static/css/main HTTP/1.1" 404 1838
[INFO] 2025-05-31 23:13:06,941 django.server (213): "GET /static/images/background4.jpg HTTP/1.1" 304 0
[INFO] 2025-05-31 23:13:09,357 django.server (213): "GET / HTTP/1.1" 200 8346
[WARNING] 2025-05-31 23:13:09,394 django.server (213): "GET /static/css/main HTTP/1.1" 404 1838
[INFO] 2025-05-31 23:13:10,411 django.server (213): "GET / HTTP/1.1" 200 8346
[WARNING] 2025-05-31 23:13:10,455 django.server (213): "GET /static/css/main HTTP/1.1" 404 1838
[INFO] 2025-05-31 23:13:11,116 django.server (213): "GET / HTTP/1.1" 200 8346
[WARNING] 2025-05-31 23:13:11,168 django.server (213): "GET /static/css/main HTTP/1.1" 404 1838
[INFO] 2025-05-31 23:13:11,764 django.server (213): "GET / HTTP/1.1" 200 8346
[WARNING] 2025-05-31 23:13:11,817 django.server (213): "GET /static/css/main HTTP/1.1" 404 1838
[INFO] 2025-05-31 23:13:12,540 django.server (213): "GET / HTTP/1.1" 200 8346
[WARNING] 2025-05-31 23:13:12,583 django.server (213): "GET /static/css/main HTTP/1.1" 404 1838
[INFO] 2025-05-31 23:13:13,315 django.server (213): "GET / HTTP/1.1" 200 8346
[WARNING] 2025-05-31 23:13:13,366 django.server (213): "GET /static/css/main HTTP/1.1" 404 1838
[INFO] 2025-05-31 23:13:14,042 django.server (213): "GET / HTTP/1.1" 200 8346
[WARNING] 2025-05-31 23:13:14,085 django.server (213): "GET /static/css/main HTTP/1.1" 404 1838
[INFO] 2025-05-31 23:13:14,917 django.server (213): "GET / HTTP/1.1" 200 8346
[WARNING] 2025-05-31 23:13:14,966 django.server (213): "GET /static/css/main HTTP/1.1" 404 1838
[INFO] 2025-05-31 23:13:15,724 django.server (213): "GET / HTTP/1.1" 200 8346
[WARNING] 2025-05-31 23:13:15,767 django.server (213): "GET /static/css/main HTTP/1.1" 404 1838
[INFO] 2025-05-31 23:13:16,554 django.server (213): "GET / HTTP/1.1" 200 8346
[WARNING] 2025-05-31 23:13:16,600 django.server (213): "GET /static/css/main HTTP/1.1" 404 1838
[INFO] 2025-05-31 23:13:17,659 django.server (213): "GET / HTTP/1.1" 200 8346
[WARNING] 2025-05-31 23:13:17,702 django.server (213): "GET /static/css/main HTTP/1.1" 404 1838
[INFO] 2025-05-31 23:13:18,419 django.server (213): "GET / HTTP/1.1" 200 8346
[WARNING] 2025-05-31 23:13:18,463 django.server (213): "GET /static/css/main HTTP/1.1" 404 1838
[INFO] 2025-05-31 23:13:22,786 django.server (213): "GET / HTTP/1.1" 200 8346
[WARNING] 2025-05-31 23:13:22,830 django.server (213): "GET /static/css/main HTTP/1.1" 404 1838
[INFO] 2025-05-31 23:14:01,754 django.server (213): "GET / HTTP/1.1" 200 8367
[WARNING] 2025-05-31 23:14:01,794 django.server (213): "GET /static/css/main HTTP/1.1" 404 1838
[INFO] 2025-05-31 23:15:45,138 django.server (213): "GET / HTTP/1.1" 200 7758
[WARNING] 2025-05-31 23:15:45,177 django.server (213): "GET /static/css/main HTTP/1.1" 404 1838
[INFO] 2025-05-31 23:15:45,256 django.server (213): "GET /static/images/background4.jpg HTTP/1.1" 304 0
[INFO] 2025-05-31 23:15:48,771 django.server (213): "GET / HTTP/1.1" 200 7758
[WARNING] 2025-05-31 23:15:48,812 django.server (213): "GET /static/css/main HTTP/1.1" 404 1838
[INFO] 2025-05-31 23:16:11,628 django.server (213): "GET / HTTP/1.1" 200 7758
[WARNING] 2025-05-31 23:16:11,668 django.server (213): "GET /static/css/main HTTP/1.1" 404 1838
[INFO] 2025-05-31 23:17:04,074 django.server (213): "GET / HTTP/1.1" 200 7592
[WARNING] 2025-05-31 23:17:04,115 django.server (213): "GET /static/css/main HTTP/1.1" 404 1838
[INFO] 2025-05-31 23:17:04,202 django.server (213): "GET /static/images/background4.jpg HTTP/1.1" 304 0
[INFO] 2025-05-31 23:17:51,769 django.server (213): "GET / HTTP/1.1" 200 7081
[WARNING] 2025-05-31 23:17:51,809 django.server (213): "GET /static/css/main HTTP/1.1" 404 1838
[INFO] 2025-05-31 23:18:08,461 django.server (213): "GET / HTTP/1.1" 200 7074
[WARNING] 2025-05-31 23:18:08,500 django.server (213): "GET /static/css/main HTTP/1.1" 404 1838
[INFO] 2025-05-31 23:18:38,226 django.server (213): "GET / HTTP/1.1" 200 7074
[WARNING] 2025-05-31 23:18:38,270 django.server (213): "GET /static/css/main HTTP/1.1" 404 1838
[INFO] 2025-05-31 23:18:38,344 django.server (213): "GET /static/images/background4.jpg HTTP/1.1" 304 0
[INFO] 2025-05-31 23:18:59,836 django.server (213): "GET / HTTP/1.1" 200 7074
[WARNING] 2025-05-31 23:18:59,878 django.server (213): "GET /static/css/main HTTP/1.1" 404 1838
[INFO] 2025-05-31 23:20:18,228 django.server (213): "GET / HTTP/1.1" 200 7569
[WARNING] 2025-05-31 23:20:18,266 django.server (213): "GET /static/css/main HTTP/1.1" 404 1838
[INFO] 2025-05-31 23:20:18,346 django.server (213): "GET /static/images/background4.jpg HTTP/1.1" 304 0
[INFO] 2025-05-31 23:21:07,173 django.server (213): "GET / HTTP/1.1" 200 7130
[WARNING] 2025-05-31 23:21:07,214 django.server (213): "GET /static/css/main HTTP/1.1" 404 1838
[INFO] 2025-05-31 23:21:58,997 django.server (213): "GET / HTTP/1.1" 200 7130
[WARNING] 2025-05-31 23:21:59,044 django.server (213): "GET /static/css/main HTTP/1.1" 404 1838
[INFO] 2025-05-31 23:22:19,693 django.server (213): "GET / HTTP/1.1" 200 7130
[WARNING] 2025-05-31 23:22:19,763 django.server (213): "GET /static/css/main HTTP/1.1" 404 1838
[INFO] 2025-05-31 23:22:19,824 django.server (213): "GET /static/images/background4.jpg HTTP/1.1" 304 0
[INFO] 2025-05-31 23:23:02,248 django.server (213): "GET /about/ HTTP/1.1" 200 6290
[WARNING] 2025-05-31 23:23:02,285 django.server (213): "GET /static/css/main HTTP/1.1" 404 1838
[INFO] 2025-05-31 23:23:05,646 django.server (213): "GET / HTTP/1.1" 200 7130
[WARNING] 2025-05-31 23:23:05,681 django.server (213): "GET /static/css/main HTTP/1.1" 404 1838
[INFO] 2025-05-31 23:23:49,104 django.server (213): "GET / HTTP/1.1" 200 7130
[WARNING] 2025-05-31 23:23:49,143 django.server (213): "GET /static/css/main HTTP/1.1" 404 1838
[INFO] 2025-05-31 23:24:02,431 django.server (213): "GET / HTTP/1.1" 200 7130
[WARNING] 2025-05-31 23:24:02,474 django.server (213): "GET /static/css/main HTTP/1.1" 404 1838
[INFO] 2025-05-31 23:24:12,416 django.server (213): "GET / HTTP/1.1" 200 7130
[WARNING] 2025-05-31 23:24:12,456 django.server (213): "GET /static/css/main HTTP/1.1" 404 1838
[INFO] 2025-05-31 23:31:32,604 django.utils.autoreload (667): Watching for file changes with StatReloader
[INFO] 2025-05-31 23:31:36,961 django.server (213): "GET / HTTP/1.1" 200 7130
[WARNING] 2025-05-31 23:31:37,155 django.server (213): "GET /static/css/main HTTP/1.1" 404 1838
[INFO] 2025-05-31 23:31:37,811 django.server (213): "GET /static/images/background4.jpg HTTP/1.1" 304 0
[INFO] 2025-05-31 23:33:21,804 django.server (213): "GET / HTTP/1.1" 200 7139
[WARNING] 2025-05-31 23:33:21,845 django.server (213): "GET /static/css/main.css HTTP/1.1" 404 1850
[INFO] 2025-05-31 23:33:57,319 django.server (213): "GET / HTTP/1.1" 200 7192
[WARNING] 2025-05-31 23:33:57,503 django.server (213): "GET /static/css/main.css HTTP/1.1" 404 1850
[INFO] 2025-05-31 23:33:57,598 django.server (213): "GET /static/css/styles.css HTTP/1.1" 200 515
[INFO] 2025-05-31 23:34:01,006 django.server (213): "GET / HTTP/1.1" 200 7192
[WARNING] 2025-05-31 23:34:01,066 django.server (213): "GET /static/css/main.css HTTP/1.1" 404 1850
[INFO] 2025-05-31 23:36:18,796 django.utils.autoreload (667): Watching for file changes with StatReloader
[INFO] 2025-05-31 23:36:23,716 django.server (213): "GET / HTTP/1.1" 200 7192
[INFO] 2025-05-31 23:36:23,884 django.server (213): "GET /static/css/styles.css HTTP/1.1" 304 0
[INFO] 2025-05-31 23:36:23,966 django.server (213): "GET /static/css/main.css HTTP/1.1" 200 0
[INFO] 2025-05-31 23:36:24,653 django.server (213): "GET /static/images/background4.jpg HTTP/1.1" 304 0
[INFO] 2025-05-31 23:38:59,938 django.utils.autoreload (667): Watching for file changes with StatReloader
[INFO] 2025-05-31 23:39:17,913 django.server (213): "GET / HTTP/1.1" 200 7192
[INFO] 2025-05-31 23:39:18,063 django.server (213): "GET /static/css/main.css HTTP/1.1" 304 0
[INFO] 2025-05-31 23:39:18,073 django.server (213): "GET /static/css/styles.css HTTP/1.1" 304 0
[INFO] 2025-05-31 23:39:53,754 django.server (213): "GET / HTTP/1.1" 200 7192
[INFO] 2025-05-31 23:39:53,801 django.server (213): "GET /static/css/main.css HTTP/1.1" 304 0
[INFO] 2025-05-31 23:39:53,986 django.server (213): "GET /static/images/background4.jpg HTTP/1.1" 304 0
[INFO] 2025-05-31 23:40:18,693 django.server (213): "GET / HTTP/1.1" 200 7192
[INFO] 2025-05-31 23:40:18,738 django.server (213): "GET /static/css/main.css HTTP/1.1" 304 0
[INFO] 2025-05-31 23:40:18,838 django.server (213): "GET /static/images/background4.jpg HTTP/1.1" 304 0
[INFO] 2025-05-31 23:42:00,093 django.server (213): "GET / HTTP/1.1" 200 7192
[INFO] 2025-05-31 23:42:00,155 django.server (213): "GET /static/css/main.css HTTP/1.1" 304 0
[INFO] 2025-05-31 23:42:00,157 django.server (213): "GET /static/css/styles.css HTTP/1.1" 304 0
[INFO] 2025-05-31 23:47:48,262 django.utils.autoreload (667): Watching for file changes with StatReloader
[INFO] 2025-05-31 23:47:51,438 django.server (213): "GET / HTTP/1.1" 200 7140
[INFO] 2025-05-31 23:47:51,625 django.server (213): "GET /static/css/styles.css HTTP/1.1" 304 0
[INFO] 2025-05-31 23:47:52,282 django.server (213): "GET /static/images/background4.jpg HTTP/1.1" 304 0
[INFO] 2025-05-31 23:49:45,749 django.server (213): "GET / HTTP/1.1" 200 7140
[INFO] 2025-06-01 00:18:00,660 django.server (213): "GET / HTTP/1.1" 200 7140
[INFO] 2025-06-01 00:18:00,704 django.server (213): "GET /static/css/styles.css HTTP/1.1" 304 0
[INFO] 2025-06-01 00:18:00,815 django.server (213): "GET /static/images/background4.jpg HTTP/1.1" 304 0
[INFO] 2025-06-01 00:20:35,409 django.server (213): "GET / HTTP/1.1" 200 7140
[INFO] 2025-06-01 00:52:01,332 django.server (213): "GET / HTTP/1.1" 200 7140
[INFO] 2025-06-01 00:52:01,395 django.server (213): "GET /static/css/styles.css HTTP/1.1" 304 0
[INFO] 2025-06-01 00:52:01,530 django.server (213): "GET /static/images/background4.jpg HTTP/1.1" 304 0
[INFO] 2025-06-01 14:16:45,187 django.utils.autoreload (667): Watching for file changes with StatReloader
[INFO] 2025-06-01 14:16:51,356 django.server (213): "GET / HTTP/1.1" 200 7140
[INFO] 2025-06-01 14:16:51,550 django.server (213): "GET /static/css/styles.css HTTP/1.1" 304 0
[INFO] 2025-06-01 14:16:52,554 django.server (213): "GET /static/images/background4.jpg HTTP/1.1" 304 0
[WARNING] 2025-06-01 14:16:53,872 django.server (213): "GET /favicon.ico HTTP/1.1" 404 5198
[INFO] 2025-06-10 12:09:17,104 django.utils.autoreload (667): Watching for file changes with StatReloader
[INFO] 2025-06-10 12:09:58,227 django.utils.autoreload (667): Watching for file changes with StatReloader
[INFO] 2025-06-10 12:11:42,723 django.utils.autoreload (667): Watching for file changes with StatReloader
[INFO] 2025-06-10 12:11:48,349 django.server (213): "GET / HTTP/1.1" 200 7140
[INFO] 2025-06-10 12:11:48,465 django.server (213): "GET /static/css/styles.css HTTP/1.1" 304 0
[INFO] 2025-06-10 12:11:49,120 django.server (213): "GET /static/images/background4.jpg HTTP/1.1" 304 0
[WARNING] 2025-06-10 12:11:50,101 django.server (213): "GET /favicon.ico HTTP/1.1" 404 5198
[INFO] 2025-06-10 12:16:02,266 django.utils.autoreload (667): Watching for file changes with StatReloader
[INFO] 2025-06-10 12:16:07,403 django.server (213): "GET / HTTP/1.1" 200 7140
[INFO] 2025-06-10 12:27:28,872 django.utils.autoreload (667): Watching for file changes with StatReloader
[INFO] 2025-06-10 12:27:32,439 django.server (213): "GET / HTTP/1.1" 200 7190
[INFO] 2025-06-10 12:28:30,498 django.server (213): "GET / HTTP/1.1" 200 7226
[INFO] 2025-06-10 12:28:41,091 django.server (213): "GET / HTTP/1.1" 200 7227
[INFO] 2025-06-10 12:29:01,501 django.server (213): "GET / HTTP/1.1" 200 7227
[INFO] 2025-06-10 13:21:05,016 django.server (213): "GET / HTTP/1.1" 200 7223
[INFO] 2025-06-10 13:21:07,058 django.server (213): "GET /client/register/ HTTP/1.1" 200 6635
[INFO] 2025-06-10 13:21:11,337 django.server (213): "GET /client/register/ HTTP/1.1" 200 6635
[INFO] 2025-06-10 13:21:14,334 django.server (213): "GET /register/ HTTP/1.1" 200 6635
[INFO] 2025-06-10 13:22:07,778 django.utils.autoreload (265): E:\my place\aynal-haque\client\views.py changed, reloading.
[INFO] 2025-06-10 13:22:08,733 django.utils.autoreload (667): Watching for file changes with StatReloader
[ERROR] 2025-06-10 13:22:16,819 django.server (213): "GET /client/register/ HTTP/1.1" 500 84787
[INFO] 2025-06-10 13:23:39,489 django.server (213): "GET / HTTP/1.1" 200 7223
[ERROR] 2025-06-10 13:23:42,143 django.server (213): "GET /client/register/ HTTP/1.1" 500 84778
[ERROR] 2025-06-10 13:26:24,785 django.server (213): "GET /client/register/ HTTP/1.1" 500 84915
[ERROR] 2025-06-10 13:26:25,631 django.server (213): "GET /client/register/ HTTP/1.1" 500 84915
[ERROR] 2025-06-10 13:26:29,906 django.server (213): "GET /client/register/ HTTP/1.1" 500 84915
[ERROR] 2025-06-10 13:26:30,847 django.server (213): "GET /client/register/ HTTP/1.1" 500 84915
[ERROR] 2025-06-10 13:26:41,679 django.server (213): "GET /client/register/ HTTP/1.1" 500 84778
[INFO] 2025-06-10 13:28:18,896 django.utils.autoreload (667): Watching for file changes with StatReloader
[INFO] 2025-06-10 13:28:21,737 django.server (213): "GET / HTTP/1.1" 200 7223
[INFO] 2025-06-10 13:28:25,543 django.server (213): "GET /client/register/ HTTP/1.1" 200 7245
[INFO] 2025-06-10 13:29:24,569 django.server (213): "POST /client/register/ HTTP/1.1" 302 0
[ERROR] 2025-06-10 13:29:24,661 django.server (213): "GET /client/success/ HTTP/1.1" 500 161046
[INFO] 2025-06-10 13:29:51,740 django.server (213): "GET /client/success/ HTTP/1.1" 200 5616
[INFO] 2025-06-10 13:30:08,384 django.server (213): "GET /client/register/ HTTP/1.1" 200 7245
[INFO] 2025-06-10 13:30:11,641 django.server (213): "GET / HTTP/1.1" 200 7223
[INFO] 2025-06-10 13:31:46,095 django.utils.autoreload (265): E:\my place\aynal-haque\client\views.py changed, reloading.
[INFO] 2025-06-10 13:31:47,240 django.utils.autoreload (667): Watching for file changes with StatReloader
[INFO] 2025-06-10 13:31:49,235 django.utils.autoreload (265): E:\my place\aynal-haque\client\views.py changed, reloading.
[INFO] 2025-06-10 13:31:50,227 django.utils.autoreload (667): Watching for file changes with StatReloader
[INFO] 2025-06-10 13:32:02,524 django.utils.autoreload (265): E:\my place\aynal-haque\client\views.py changed, reloading.
[INFO] 2025-06-10 13:32:03,741 django.utils.autoreload (667): Watching for file changes with StatReloader
[INFO] 2025-06-10 13:32:07,658 django.utils.autoreload (265): E:\my place\aynal-haque\client\views.py changed, reloading.
[INFO] 2025-06-10 13:32:08,842 django.utils.autoreload (667): Watching for file changes with StatReloader
[INFO] 2025-06-10 13:32:12,806 django.utils.autoreload (265): E:\my place\aynal-haque\client\views.py changed, reloading.
[INFO] 2025-06-10 13:32:13,948 django.utils.autoreload (667): Watching for file changes with StatReloader
[INFO] 2025-06-10 13:32:19,891 django.utils.autoreload (265): E:\my place\aynal-haque\client\views.py changed, reloading.
[INFO] 2025-06-10 13:32:20,951 django.utils.autoreload (667): Watching for file changes with StatReloader
[INFO] 2025-06-10 13:32:24,715 django.utils.autoreload (265): E:\my place\aynal-haque\client\views.py changed, reloading.
[INFO] 2025-06-10 13:32:25,785 django.utils.autoreload (667): Watching for file changes with StatReloader
[INFO] 2025-06-10 13:32:41,610 django.utils.autoreload (265): E:\my place\aynal-haque\client\views.py changed, reloading.
[INFO] 2025-06-10 13:32:42,685 django.utils.autoreload (667): Watching for file changes with StatReloader
[INFO] 2025-06-10 13:32:49,982 django.utils.autoreload (265): E:\my place\aynal-haque\client\views.py changed, reloading.
[INFO] 2025-06-10 13:32:51,024 django.utils.autoreload (667): Watching for file changes with StatReloader
[INFO] 2025-06-10 13:33:39,142 django.utils.autoreload (265): E:\my place\aynal-haque\client\views.py changed, reloading.
[INFO] 2025-06-10 13:33:40,879 django.utils.autoreload (667): Watching for file changes with StatReloader
[INFO] 2025-06-10 13:33:42,518 django.utils.autoreload (265): E:\my place\aynal-haque\client\views.py changed, reloading.
[INFO] 2025-06-10 13:33:43,485 django.utils.autoreload (667): Watching for file changes with StatReloader
[INFO] 2025-06-10 13:33:46,237 django.utils.autoreload (265): E:\my place\aynal-haque\client\views.py changed, reloading.
[INFO] 2025-06-10 13:33:47,225 django.utils.autoreload (667): Watching for file changes with StatReloader
[INFO] 2025-06-10 13:33:55,285 django.utils.autoreload (265): E:\my place\aynal-haque\client\views.py changed, reloading.
[INFO] 2025-06-10 13:33:56,238 django.utils.autoreload (667): Watching for file changes with StatReloader
[INFO] 2025-06-10 13:34:12,977 django.utils.autoreload (265): E:\my place\aynal-haque\client\views.py changed, reloading.
[INFO] 2025-06-10 13:34:13,971 django.utils.autoreload (667): Watching for file changes with StatReloader
[INFO] 2025-06-10 13:34:15,926 django.utils.autoreload (265): E:\my place\aynal-haque\client\views.py changed, reloading.
[INFO] 2025-06-10 13:34:17,018 django.utils.autoreload (667): Watching for file changes with StatReloader
[INFO] 2025-06-10 13:34:32,456 django.utils.autoreload (265): E:\my place\aynal-haque\client\urls.py changed, reloading.
[INFO] 2025-06-10 13:34:33,620 django.utils.autoreload (667): Watching for file changes with StatReloader
[INFO] 2025-06-10 13:35:04,572 django.server (213): "GET / HTTP/1.1" 200 7223
[INFO] 2025-06-10 13:35:07,507 django.server (213): "GET /client/register/ HTTP/1.1" 200 7245
[ERROR] 2025-06-10 13:35:47,900 django.server (213): "POST /client/register/ HTTP/1.1" 500 91134
[WARNING] 2025-06-10 13:56:24,957 django.security.csrf (253): Forbidden (CSRF token from POST incorrect.): /client/register/
[WARNING] 2025-06-10 13:56:24,958 django.server (213): "POST /client/register/ HTTP/1.1" 403 2503
[INFO] 2025-06-10 13:56:28,008 django.server (213): "GET /client/register/ HTTP/1.1" 200 7245
[INFO] 2025-06-10 13:56:47,125 django.server (213): "POST /client/register/ HTTP/1.1" 200 7538
[INFO] 2025-06-10 13:56:52,503 django.server (213): "GET / HTTP/1.1" 200 7223
[INFO] 2025-06-10 13:56:56,568 django.server (213): "GET /client/register/ HTTP/1.1" 200 7245
[INFO] 2025-06-10 13:57:28,495 django.utils.autoreload (265): E:\my place\aynal-haque\client\views.py changed, reloading.
[INFO] 2025-06-10 13:57:30,102 django.utils.autoreload (667): Watching for file changes with StatReloader
[INFO] 2025-06-10 13:57:34,931 django.utils.autoreload (265): E:\my place\aynal-haque\client\urls.py changed, reloading.
[INFO] 2025-06-10 13:57:36,065 django.utils.autoreload (667): Watching for file changes with StatReloader
[INFO] 2025-06-10 13:57:38,993 django.server (213): "GET / HTTP/1.1" 200 7223
