[ERROR] 2025-05-19 05:53:59,931 django.request (248): Internal Server Error: /project/
Traceback (most recent call last):
  File "/home/codespace/.local/lib/python3.12/site-packages/django/core/handlers/exception.py", line 55, in inner
    response = get_response(request)
               ^^^^^^^^^^^^^^^^^^^^^
  File "/home/codespace/.local/lib/python3.12/site-packages/django/core/handlers/base.py", line 197, in _get_response
    response = wrapped_callback(request, *callback_args, **callback_kwargs)
               ^^^^^^^^^^^^^^^^^^^^^^^^^^^^^^^^^^^^^^^^^^^^^^^^^^^^^^^^^^^^
  File "/workspaces/aynal-haque/core/views.py", line 75, in project_view
    projects = Project.objects.all().order_by('-created_at')
               ^^^^^^^
NameError: name 'Project' is not defined
[ERROR] 2025-05-19 05:53:59,934 django.server (213): "GET /project/ HTTP/1.1" 500 76192
[ERROR] 2025-05-19 06:57:41,847 django.request (248): Internal Server Error: /chatbot/
Traceback (most recent call last):
  File "/home/codespace/.local/lib/python3.12/site-packages/django/core/handlers/exception.py", line 55, in inner
    response = get_response(request)
               ^^^^^^^^^^^^^^^^^^^^^
  File "/home/codespace/.local/lib/python3.12/site-packages/django/core/handlers/base.py", line 220, in _get_response
    response = response.render()
               ^^^^^^^^^^^^^^^^^
  File "/home/codespace/.local/lib/python3.12/site-packages/django/template/response.py", line 114, in render
    self.content = self.rendered_content
                   ^^^^^^^^^^^^^^^^^^^^^
  File "/home/codespace/.local/lib/python3.12/site-packages/django/template/response.py", line 90, in rendered_content
    template = self.resolve_template(self.template_name)
               ^^^^^^^^^^^^^^^^^^^^^^^^^^^^^^^^^^^^^^^^^
  File "/home/codespace/.local/lib/python3.12/site-packages/django/template/response.py", line 72, in resolve_template
    return select_template(template, using=self.using)
           ^^^^^^^^^^^^^^^^^^^^^^^^^^^^^^^^^^^^^^^^^^^
  File "/home/codespace/.local/lib/python3.12/site-packages/django/template/loader.py", line 47, in select_template
    raise TemplateDoesNotExist(", ".join(template_name_list), chain=chain)
django.template.exceptions.TemplateDoesNotExist: chatbot/chat.html
[ERROR] 2025-05-19 06:57:41,849 django.server (213): "GET /chatbot/ HTTP/1.1" 500 91252
[ERROR] 2025-05-19 06:58:22,268 django.request (248): Internal Server Error: /chatbot/ask/
[ERROR] 2025-05-19 06:58:22,268 django.server (213): "POST /chatbot/ask/ HTTP/1.1" 500 488
[ERROR] 2025-05-19 06:58:30,695 django.request (248): Internal Server Error: /chatbot/ask/
[ERROR] 2025-05-19 06:58:30,696 django.server (213): "POST /chatbot/ask/ HTTP/1.1" 500 488
[ERROR] 2025-05-19 07:03:44,175 django.request (248): Internal Server Error: /chatbot/
Traceback (most recent call last):
  File "/home/codespace/.local/lib/python3.12/site-packages/django/template/backends/django.py", line 107, in render
    return self.template.render(context)
           ^^^^^^^^^^^^^^^^^^^^^^^^^^^^^
  File "/home/codespace/.local/lib/python3.12/site-packages/django/template/base.py", line 171, in render
    return self._render(context)
           ^^^^^^^^^^^^^^^^^^^^^
  File "/home/codespace/.local/lib/python3.12/site-packages/django/template/base.py", line 163, in _render
    return self.nodelist.render(context)
           ^^^^^^^^^^^^^^^^^^^^^^^^^^^^^
  File "/home/codespace/.local/lib/python3.12/site-packages/django/template/base.py", line 1016, in render
    return SafeString("".join([node.render_annotated(context) for node in self]))
                               ^^^^^^^^^^^^^^^^^^^^^^^^^^^^^^
  File "/home/codespace/.local/lib/python3.12/site-packages/django/template/base.py", line 977, in render_annotated
    return self.render(context)
           ^^^^^^^^^^^^^^^^^^^^
  File "/home/codespace/.local/lib/python3.12/site-packages/django/template/loader_tags.py", line 159, in render
    return compiled_parent._render(context)
           ^^^^^^^^^^^^^^^^^^^^^^^^^^^^^^^^
  File "/home/codespace/.local/lib/python3.12/site-packages/django/template/base.py", line 163, in _render
    return self.nodelist.render(context)
           ^^^^^^^^^^^^^^^^^^^^^^^^^^^^^
  File "/home/codespace/.local/lib/python3.12/site-packages/django/template/base.py", line 1016, in render
    return SafeString("".join([node.render_annotated(context) for node in self]))
                               ^^^^^^^^^^^^^^^^^^^^^^^^^^^^^^
  File "/home/codespace/.local/lib/python3.12/site-packages/django/template/base.py", line 977, in render_annotated
    return self.render(context)
           ^^^^^^^^^^^^^^^^^^^^
  File "/home/codespace/.local/lib/python3.12/site-packages/django/template/loader_tags.py", line 199, in render
    template = context.template.engine.select_template(template_name)
               ^^^^^^^^^^^^^^^^^^^^^^^^^^^^^^^^^^^^^^^^^^^^^^^^^^^^^^
  File "/home/codespace/.local/lib/python3.12/site-packages/django/template/engine.py", line 214, in select_template
    raise TemplateDoesNotExist(", ".join(not_found))
django.template.exceptions.TemplateDoesNotExist: chatbot/sidebar.html

The above exception was the direct cause of the following exception:

Traceback (most recent call last):
  File "/home/codespace/.local/lib/python3.12/site-packages/django/core/handlers/exception.py", line 55, in inner
    response = get_response(request)
               ^^^^^^^^^^^^^^^^^^^^^
  File "/home/codespace/.local/lib/python3.12/site-packages/django/core/handlers/base.py", line 220, in _get_response
    response = response.render()
               ^^^^^^^^^^^^^^^^^
  File "/home/codespace/.local/lib/python3.12/site-packages/django/template/response.py", line 114, in render
    self.content = self.rendered_content
                   ^^^^^^^^^^^^^^^^^^^^^
  File "/home/codespace/.local/lib/python3.12/site-packages/django/template/response.py", line 92, in rendered_content
    return template.render(context, self._request)
           ^^^^^^^^^^^^^^^^^^^^^^^^^^^^^^^^^^^^^^^
  File "/home/codespace/.local/lib/python3.12/site-packages/django/template/backends/django.py", line 109, in render
    reraise(exc, self.backend)
  File "/home/codespace/.local/lib/python3.12/site-packages/django/template/backends/django.py", line 130, in reraise
    raise new from exc
django.template.exceptions.TemplateDoesNotExist: chatbot/sidebar.html
[ERROR] 2025-05-19 07:03:44,177 django.server (213): "GET /chatbot/ HTTP/1.1" 500 143867
[ERROR] 2025-05-19 07:04:14,242 django.request (248): Internal Server Error: /chatbot/ask/
[ERROR] 2025-05-19 07:04:14,242 django.server (213): "POST /chatbot/ask/ HTTP/1.1" 500 488
[ERROR] 2025-05-19 07:06:12,336 django.request (248): Internal Server Error: /chatbot/ask/
[ERROR] 2025-05-19 07:06:12,336 django.server (213): "POST /chatbot/ask/ HTTP/1.1" 500 488
[ERROR] 2025-05-19 07:20:00,839 django.request (248): Internal Server Error: /chatbot/ask/
[ERROR] 2025-05-19 07:20:00,839 django.server (213): "POST /chatbot/ask/ HTTP/1.1" 500 488
[ERROR] 2025-06-10 13:22:16,817 django.request (253): Internal Server Error: /client/register/
Traceback (most recent call last):
  File "E:\my place\aynal-haque\evan\lib\site-packages\django\core\handlers\exception.py", line 55, in inner
    response = get_response(request)
  File "E:\my place\aynal-haque\evan\lib\site-packages\django\core\handlers\base.py", line 197, in _get_response
    response = wrapped_callback(request, *callback_args, **callback_kwargs)
  File "E:\my place\aynal-haque\client\views.py", line 14, in register_business
    return render(request, 'register2.html', {'form': form})
  File "E:\my place\aynal-haque\evan\lib\site-packages\django\shortcuts.py", line 25, in render
    content = loader.render_to_string(template_name, context, request, using=using)
  File "E:\my place\aynal-haque\evan\lib\site-packages\django\template\loader.py", line 61, in render_to_string
    template = get_template(template_name, using=using)
  File "E:\my place\aynal-haque\evan\lib\site-packages\django\template\loader.py", line 19, in get_template
    raise TemplateDoesNotExist(template_name, chain=chain)
django.template.exceptions.TemplateDoesNotExist: register2.html
[ERROR] 2025-06-10 13:22:16,819 django.server (213): "GET /client/register/ HTTP/1.1" 500 84787
[ERROR] 2025-06-10 13:23:42,142 django.request (253): Internal Server Error: /client/register/
Traceback (most recent call last):
  File "E:\my place\aynal-haque\evan\lib\site-packages\django\core\handlers\exception.py", line 55, in inner
    response = get_response(request)
  File "E:\my place\aynal-haque\evan\lib\site-packages\django\core\handlers\base.py", line 197, in _get_response
    response = wrapped_callback(request, *callback_args, **callback_kwargs)
  File "E:\my place\aynal-haque\client\views.py", line 14, in register_business
    return render(request, 'register2.html', {'form': form})
  File "E:\my place\aynal-haque\evan\lib\site-packages\django\shortcuts.py", line 25, in render
    content = loader.render_to_string(template_name, context, request, using=using)
  File "E:\my place\aynal-haque\evan\lib\site-packages\django\template\loader.py", line 61, in render_to_string
    template = get_template(template_name, using=using)
  File "E:\my place\aynal-haque\evan\lib\site-packages\django\template\loader.py", line 19, in get_template
    raise TemplateDoesNotExist(template_name, chain=chain)
django.template.exceptions.TemplateDoesNotExist: register2.html
[ERROR] 2025-06-10 13:23:42,143 django.server (213): "GET /client/register/ HTTP/1.1" 500 84778
[ERROR] 2025-06-10 13:26:24,784 django.request (253): Internal Server Error: /client/register/
Traceback (most recent call last):
  File "E:\my place\aynal-haque\evan\lib\site-packages\django\core\handlers\exception.py", line 55, in inner
    response = get_response(request)
  File "E:\my place\aynal-haque\evan\lib\site-packages\django\core\handlers\base.py", line 197, in _get_response
    response = wrapped_callback(request, *callback_args, **callback_kwargs)
  File "E:\my place\aynal-haque\client\views.py", line 14, in register_business
    return render(request, 'register2.html', {'form': form})
  File "E:\my place\aynal-haque\evan\lib\site-packages\django\shortcuts.py", line 25, in render
    content = loader.render_to_string(template_name, context, request, using=using)
  File "E:\my place\aynal-haque\evan\lib\site-packages\django\template\loader.py", line 61, in render_to_string
    template = get_template(template_name, using=using)
  File "E:\my place\aynal-haque\evan\lib\site-packages\django\template\loader.py", line 19, in get_template
    raise TemplateDoesNotExist(template_name, chain=chain)
django.template.exceptions.TemplateDoesNotExist: register2.html
[ERROR] 2025-06-10 13:26:24,785 django.server (213): "GET /client/register/ HTTP/1.1" 500 84915
[ERROR] 2025-06-10 13:26:25,630 django.request (253): Internal Server Error: /client/register/
Traceback (most recent call last):
  File "E:\my place\aynal-haque\evan\lib\site-packages\django\core\handlers\exception.py", line 55, in inner
    response = get_response(request)
  File "E:\my place\aynal-haque\evan\lib\site-packages\django\core\handlers\base.py", line 197, in _get_response
    response = wrapped_callback(request, *callback_args, **callback_kwargs)
  File "E:\my place\aynal-haque\client\views.py", line 14, in register_business
    return render(request, 'register2.html', {'form': form})
  File "E:\my place\aynal-haque\evan\lib\site-packages\django\shortcuts.py", line 25, in render
    content = loader.render_to_string(template_name, context, request, using=using)
  File "E:\my place\aynal-haque\evan\lib\site-packages\django\template\loader.py", line 61, in render_to_string
    template = get_template(template_name, using=using)
  File "E:\my place\aynal-haque\evan\lib\site-packages\django\template\loader.py", line 19, in get_template
    raise TemplateDoesNotExist(template_name, chain=chain)
django.template.exceptions.TemplateDoesNotExist: register2.html
[ERROR] 2025-06-10 13:26:25,631 django.server (213): "GET /client/register/ HTTP/1.1" 500 84915
[ERROR] 2025-06-10 13:26:29,906 django.request (253): Internal Server Error: /client/register/
Traceback (most recent call last):
  File "E:\my place\aynal-haque\evan\lib\site-packages\django\core\handlers\exception.py", line 55, in inner
    response = get_response(request)
  File "E:\my place\aynal-haque\evan\lib\site-packages\django\core\handlers\base.py", line 197, in _get_response
    response = wrapped_callback(request, *callback_args, **callback_kwargs)
  File "E:\my place\aynal-haque\client\views.py", line 14, in register_business
    return render(request, 'register2.html', {'form': form})
  File "E:\my place\aynal-haque\evan\lib\site-packages\django\shortcuts.py", line 25, in render
    content = loader.render_to_string(template_name, context, request, using=using)
  File "E:\my place\aynal-haque\evan\lib\site-packages\django\template\loader.py", line 61, in render_to_string
    template = get_template(template_name, using=using)
  File "E:\my place\aynal-haque\evan\lib\site-packages\django\template\loader.py", line 19, in get_template
    raise TemplateDoesNotExist(template_name, chain=chain)
django.template.exceptions.TemplateDoesNotExist: register2.html
[ERROR] 2025-06-10 13:26:29,906 django.server (213): "GET /client/register/ HTTP/1.1" 500 84915
[ERROR] 2025-06-10 13:26:30,846 django.request (253): Internal Server Error: /client/register/
Traceback (most recent call last):
  File "E:\my place\aynal-haque\evan\lib\site-packages\django\core\handlers\exception.py", line 55, in inner
    response = get_response(request)
  File "E:\my place\aynal-haque\evan\lib\site-packages\django\core\handlers\base.py", line 197, in _get_response
    response = wrapped_callback(request, *callback_args, **callback_kwargs)
  File "E:\my place\aynal-haque\client\views.py", line 14, in register_business
    return render(request, 'register2.html', {'form': form})
  File "E:\my place\aynal-haque\evan\lib\site-packages\django\shortcuts.py", line 25, in render
    content = loader.render_to_string(template_name, context, request, using=using)
  File "E:\my place\aynal-haque\evan\lib\site-packages\django\template\loader.py", line 61, in render_to_string
    template = get_template(template_name, using=using)
  File "E:\my place\aynal-haque\evan\lib\site-packages\django\template\loader.py", line 19, in get_template
    raise TemplateDoesNotExist(template_name, chain=chain)
django.template.exceptions.TemplateDoesNotExist: register2.html
[ERROR] 2025-06-10 13:26:30,847 django.server (213): "GET /client/register/ HTTP/1.1" 500 84915
[ERROR] 2025-06-10 13:26:41,678 django.request (253): Internal Server Error: /client/register/
Traceback (most recent call last):
  File "E:\my place\aynal-haque\evan\lib\site-packages\django\core\handlers\exception.py", line 55, in inner
    response = get_response(request)
  File "E:\my place\aynal-haque\evan\lib\site-packages\django\core\handlers\base.py", line 197, in _get_response
    response = wrapped_callback(request, *callback_args, **callback_kwargs)
  File "E:\my place\aynal-haque\client\views.py", line 14, in register_business
    return render(request, 'register2.html', {'form': form})
  File "E:\my place\aynal-haque\evan\lib\site-packages\django\shortcuts.py", line 25, in render
    content = loader.render_to_string(template_name, context, request, using=using)
  File "E:\my place\aynal-haque\evan\lib\site-packages\django\template\loader.py", line 61, in render_to_string
    template = get_template(template_name, using=using)
  File "E:\my place\aynal-haque\evan\lib\site-packages\django\template\loader.py", line 19, in get_template
    raise TemplateDoesNotExist(template_name, chain=chain)
django.template.exceptions.TemplateDoesNotExist: register2.html
[ERROR] 2025-06-10 13:26:41,679 django.server (213): "GET /client/register/ HTTP/1.1" 500 84778
[ERROR] 2025-06-10 13:29:24,657 django.request (253): Internal Server Error: /client/success/
Traceback (most recent call last):
  File "E:\my place\aynal-haque\evan\lib\site-packages\django\core\handlers\exception.py", line 55, in inner
    response = get_response(request)
  File "E:\my place\aynal-haque\evan\lib\site-packages\django\core\handlers\base.py", line 197, in _get_response
    response = wrapped_callback(request, *callback_args, **callback_kwargs)
  File "E:\my place\aynal-haque\client\views.py", line 17, in registration_success
    return render(request, 'success.html')
  File "E:\my place\aynal-haque\evan\lib\site-packages\django\shortcuts.py", line 25, in render
    content = loader.render_to_string(template_name, context, request, using=using)
  File "E:\my place\aynal-haque\evan\lib\site-packages\django\template\loader.py", line 61, in render_to_string
    template = get_template(template_name, using=using)
  File "E:\my place\aynal-haque\evan\lib\site-packages\django\template\loader.py", line 15, in get_template
    return engine.get_template(template_name)
  File "E:\my place\aynal-haque\evan\lib\site-packages\django\template\backends\django.py", line 79, in get_template
    return Template(self.engine.get_template(template_name), self)
  File "E:\my place\aynal-haque\evan\lib\site-packages\django\template\engine.py", line 177, in get_template
    template, origin = self.find_template(template_name)
  File "E:\my place\aynal-haque\evan\lib\site-packages\django\template\engine.py", line 159, in find_template
    template = loader.get_template(name, skip=skip)
  File "E:\my place\aynal-haque\evan\lib\site-packages\django\template\loaders\cached.py", line 57, in get_template
    template = super().get_template(template_name, skip)
  File "E:\my place\aynal-haque\evan\lib\site-packages\django\template\loaders\base.py", line 28, in get_template
    return Template(
  File "E:\my place\aynal-haque\evan\lib\site-packages\django\template\base.py", line 154, in __init__
    self.nodelist = self.compile_nodelist()
  File "E:\my place\aynal-haque\evan\lib\site-packages\django\template\base.py", line 196, in compile_nodelist
    nodelist = parser.parse()
  File "E:\my place\aynal-haque\evan\lib\site-packages\django\template\base.py", line 518, in parse
    raise self.error(token, e)
  File "E:\my place\aynal-haque\evan\lib\site-packages\django\template\base.py", line 516, in parse
    compiled_result = compile_func(self, token)
  File "E:\my place\aynal-haque\evan\lib\site-packages\django\template\loader_tags.py", line 299, in do_extends
    nodelist = parser.parse()
  File "E:\my place\aynal-haque\evan\lib\site-packages\django\template\base.py", line 518, in parse
    raise self.error(token, e)
  File "E:\my place\aynal-haque\evan\lib\site-packages\django\template\base.py", line 516, in parse
    compiled_result = compile_func(self, token)
  File "E:\my place\aynal-haque\evan\lib\site-packages\django\template\loader_tags.py", line 234, in do_block
    nodelist = parser.parse(("endblock",))
  File "E:\my place\aynal-haque\evan\lib\site-packages\django\template\base.py", line 518, in parse
    raise self.error(token, e)
  File "E:\my place\aynal-haque\evan\lib\site-packages\django\template\base.py", line 516, in parse
    compiled_result = compile_func(self, token)
  File "E:\my place\aynal-haque\evan\lib\site-packages\django\template\loader_tags.py", line 228, in do_block
    raise TemplateSyntaxError(
django.template.exceptions.TemplateSyntaxError: 'block' tag with name 'content' appears more than once
[ERROR] 2025-06-10 13:29:24,661 django.server (213): "GET /client/success/ HTTP/1.1" 500 161046
[ERROR] 2025-06-10 13:35:47,895 django.request (253): Internal Server Error: /client/register/
Traceback (most recent call last):
  File "E:\my place\aynal-haque\evan\lib\site-packages\django\core\handlers\exception.py", line 55, in inner
    response = get_response(request)
  File "E:\my place\aynal-haque\evan\lib\site-packages\django\core\handlers\base.py", line 197, in _get_response
    response = wrapped_callback(request, *callback_args, **callback_kwargs)
  File "E:\my place\aynal-haque\client\views.py", line 13, in register_business
    login(request, user)  # Automatically log in the user after registration
  File "E:\my place\aynal-haque\evan\lib\site-packages\django\contrib\auth\__init__.py", line 197, in login
    user_logged_in.send(sender=user.__class__, request=request, user=user)
  File "E:\my place\aynal-haque\evan\lib\site-packages\django\dispatch\dispatcher.py", line 189, in send
    response = receiver(signal=self, sender=sender, **named)
  File "E:\my place\aynal-haque\evan\lib\site-packages\django\contrib\auth\models.py", line 24, in update_last_login
    user.save(update_fields=["last_login"])
  File "E:\my place\aynal-haque\evan\lib\site-packages\django\db\models\base.py", line 880, in save
    raise ValueError(
ValueError: The following fields do not exist in this model, are m2m fields, primary keys, or are non-concrete fields: last_login
[ERROR] 2025-06-10 13:35:47,900 django.server (213): "POST /client/register/ HTTP/1.1" 500 91134
